app/build/intermediates/manifest_merge_blame_file/debug/processDebugMainManifest/manifest-merger-blame-debug-report.txt
1<?xml version="1.0" encoding="utf-8"?>
2<manifest xmlns:android="http://schemas.android.com/apk/res/android"
3    package="com.joao.climanotes"
4    android:versionCode="1"
5    android:versionName="1.0" >
6
7    <uses-sdk
8        android:minSdkVersion="24"
9        android:targetSdkVersion="36" />
10
11    <uses-permission android:name="android.permission.INTERNET" />
11-->src\main\AndroidManifest.xml:5:5-67
11-->src\main\AndroidManifest.xml:5:22-64
12
13    <permission
13-->[androidx.core:core:1.17.0] AndroidManifest.xml:22:5-24:47
14        android:name="com.joao.climanotes.DYNAMIC_RECEIVER_NOT_EXPORTED_PERMISSION"
14-->[androidx.core:core:1.17.0] AndroidManifest.xml:23:9-81
15        android:protectionLevel="signature" />
15-->[androidx.core:core:1.17.0] AndroidManifest.xml:24:9-44
16
17    <uses-permission android:name="com.joao.climanotes.DYNAMIC_RECEIVER_NOT_EXPORTED_PERMISSION" />
17-->[androidx.core:core:1.17.0] AndroidManifest.xml:26:5-97
17-->[androidx.core:core:1.17.0] AndroidManifest.xml:26:22-94
18
19    <application
19-->src\main\AndroidManifest.xml:8:5-28:19
20        android:allowBackup="true"
20-->src\main\AndroidManifest.xml:9:9-35
21        android:appComponentFactory="androidx.core.app.CoreComponentFactory"
21-->[androidx.core:core:1.17.0] AndroidManifest.xml:28:18-86
22        android:dataExtractionRules="@xml/data_extraction_rules"
22-->src\main\AndroidManifest.xml:10:9-65
23        android:debuggable="true"
24        android:extractNativeLibs="false"
25        android:fullBackupContent="@xml/backup_rules"
25-->src\main\AndroidManifest.xml:11:9-54
26        android:icon="@mipmap/ic_launcher"
26-->src\main\AndroidManifest.xml:12:9-43
27        android:label="@string/app_name"
27-->src\main\AndroidManifest.xml:13:9-41
28        android:roundIcon="@mipmap/ic_launcher_round"
28-->src\main\AndroidManifest.xml:14:9-54
29        android:supportsRtl="true"
29-->src\main\AndroidManifest.xml:15:9-35
30        android:testOnly="true"
31        android:theme="@style/Theme.ClimaNotes" >
31-->src\main\AndroidManifest.xml:16:9-48
32        <activity
32-->src\main\AndroidManifest.xml:17:9-27:20
33            android:name="com.joao.climanotes.MainActivity"
33-->src\main\AndroidManifest.xml:18:13-41
34            android:exported="true"
34-->src\main\AndroidManifest.xml:19:13-36
35            android:label="@string/app_name"
35-->src\main\AndroidManifest.xml:20:13-45
36            android:theme="@style/Theme.ClimaNotes" >
36-->src\main\AndroidManifest.xml:21:13-52
37            <intent-filter>
37-->src\main\AndroidManifest.xml:22:13-26:29
38                <action android:name="android.intent.action.MAIN" />
38-->src\main\AndroidManifest.xml:23:17-69
38-->src\main\AndroidManifest.xml:23:25-66
39
40                <category android:name="android.intent.category.LAUNCHER" />
40-->src\main\AndroidManifest.xml:25:17-77
40-->src\main\AndroidManifest.xml:25:27-74
41            </intent-filter>
42        </activity>
43
44        <service
44-->[androidx.room:room-runtime:2.6.1] AndroidManifest.xml:24:9-28:63
45            android:name="androidx.room.MultiInstanceInvalidationService"
45-->[androidx.room:room-runtime:2.6.1] AndroidManifest.xml:25:13-74
46            android:directBootAware="true"
46-->[androidx.room:room-runtime:2.6.1] AndroidManifest.xml:26:13-43
47            android:exported="false" />
47-->[androidx.room:room-runtime:2.6.1] AndroidManifest.xml:27:13-37
48
49        <activity
49-->[androidx.compose.ui:ui-tooling-android:1.9.0] AndroidManifest.xml:23:9-25:39
50            android:name="androidx.compose.ui.tooling.PreviewActivity"
50-->[androidx.compose.ui:ui-tooling-android:1.9.0] AndroidManifest.xml:24:13-71
51            android:exported="true" />
51-->[androidx.compose.ui:ui-tooling-android:1.9.0] AndroidManifest.xml:25:13-36
52
53        <provider
53-->[androidx.emoji2:emoji2:1.4.0] AndroidManifest.xml:24:9-32:20
54            android:name="androidx.startup.InitializationProvider"
54-->[androidx.emoji2:emoji2:1.4.0] AndroidManifest.xml:25:13-67
55            android:authorities="com.joao.climanotes.androidx-startup"
55-->[androidx.emoji2:emoji2:1.4.0] AndroidManifest.xml:26:13-68
56            android:exported="false" >
56-->[androidx.emoji2:emoji2:1.4.0] AndroidManifest.xml:27:13-37
57            <meta-data
57-->[androidx.emoji2:emoji2:1.4.0] AndroidManifest.xml:29:13-31:52
58                android:name="androidx.emoji2.text.EmojiCompatInitializer"
58-->[androidx.emoji2:emoji2:1.4.0] AndroidManifest.xml:30:17-75
59                android:value="androidx.startup" />
59-->[androidx.emoji2:emoji2:1.4.0] AndroidManifest.xml:31:17-49
60            <meta-data
60-->[androidx.lifecycle:lifecycle-process:2.9.4] AndroidManifest.xml:29:13-31:52
61                android:name="androidx.lifecycle.ProcessLifecycleInitializer"
61-->[androidx.lifecycle:lifecycle-process:2.9.4] AndroidManifest.xml:30:17-78
62                android:value="androidx.startup" />
62-->[androidx.lifecycle:lifecycle-process:2.9.4] AndroidManifest.xml:31:17-49
63            <meta-data
63-->[androidx.profileinstaller:profileinstaller:1.4.0] AndroidManifest.xml:29:13-31:52
64                android:name="androidx.profileinstaller.ProfileInstallerInitializer"
64-->[androidx.profileinstaller:profileinstaller:1.4.0] AndroidManifest.xml:30:17-85
65                android:value="androidx.startup" />
65-->[androidx.profileinstaller:profileinstaller:1.4.0] AndroidManifest.xml:31:17-49
66        </provider>
67
68        <activity
68-->[androidx.compose.ui:ui-test-manifest:1.9.0] AndroidManifest.xml:23:9-26:79
69            android:name="androidx.activity.ComponentActivity"
69-->[androidx.compose.ui:ui-test-manifest:1.9.0] AndroidManifest.xml:24:13-63
70            android:exported="true"
70-->[androidx.compose.ui:ui-test-manifest:1.9.0] AndroidManifest.xml:25:13-36
71            android:theme="@android:style/Theme.Material.Light.NoActionBar" />
71-->[androidx.compose.ui:ui-test-manifest:1.9.0] AndroidManifest.xml:26:13-76
72
73        <receiver
73-->[androidx.profileinstaller:profileinstaller:1.4.0] AndroidManifest.xml:34:9-52:20
74            android:name="androidx.profileinstaller.ProfileInstallReceiver"
74-->[androidx.profileinstaller:profileinstaller:1.4.0] AndroidManifest.xml:35:13-76
75            android:directBootAware="false"
75-->[androidx.profileinstaller:profileinstaller:1.4.0] AndroidManifest.xml:36:13-44
76            android:enabled="true"
76-->[androidx.profileinstaller:profileinstaller:1.4.0] AndroidManifest.xml:37:13-35
77            android:exported="true"
77-->[androidx.profileinstaller:profileinstaller:1.4.0] AndroidManifest.xml:38:13-36
78            android:permission="android.permission.DUMP" >
78-->[androidx.profileinstaller:profileinstaller:1.4.0] AndroidManifest.xml:39:13-57
79            <intent-filter>
79-->[androidx.profileinstaller:profileinstaller:1.4.0] AndroidManifest.xml:40:13-42:29
80                <action android:name="androidx.profileinstaller.action.INSTALL_PROFILE" />
80-->[androidx.profileinstaller:profileinstaller:1.4.0] AndroidManifest.xml:41:17-91
80-->[androidx.profileinstaller:profileinstaller:1.4.0] AndroidManifest.xml:41:25-88
81            </intent-filter>
82            <intent-filter>
82-->[androidx.profileinstaller:profileinstaller:1.4.0] AndroidManifest.xml:43:13-45:29
83                <action android:name="androidx.profileinstaller.action.SKIP_FILE" />
83-->[androidx.profileinstaller:profileinstaller:1.4.0] AndroidManifest.xml:44:17-85
83-->[androidx.profileinstaller:profileinstaller:1.4.0] AndroidManifest.xml:44:25-82
84            </intent-filter>
85            <intent-filter>
85-->[androidx.profileinstaller:profileinstaller:1.4.0] AndroidManifest.xml:46:13-48:29
86                <action android:name="androidx.profileinstaller.action.SAVE_PROFILE" />
86-->[androidx.profileinstaller:profileinstaller:1.4.0] AndroidManifest.xml:47:17-88
86-->[androidx.profileinstaller:profileinstaller:1.4.0] AndroidManifest.xml:47:25-85
87            </intent-filter>
88            <intent-filter>
88-->[androidx.profileinstaller:profileinstaller:1.4.0] AndroidManifest.xml:49:13-51:29
89                <action android:name="androidx.profileinstaller.action.BENCHMARK_OPERATION" />
89-->[androidx.profileinstaller:profileinstaller:1.4.0] AndroidManifest.xml:50:17-95
89-->[androidx.profileinstaller:profileinstaller:1.4.0] AndroidManifest.xml:50:25-92
90            </intent-filter>
91        </receiver>
92    </application>
93
94</manifest>